<?xml version="1.0" encoding="UTF-8"?>
<testsuite name="CalculatorConundrumTest" tests="10" skipped="0" failures="0" errors="0" timestamp="2024-04-19T10:52:25" hostname="DESKTOP-E1T6GUT" time="0.205">
  <properties/>
  <testcase name="The calculate method throws IllegalArgumentException when passing empty operation" classname="CalculatorConundrumTest" time="0.127"/>
  <testcase name="The calculate method returns the correct result when dividing small operands" classname="CalculatorConundrumTest" time="0.019"/>
  <testcase name="The calculate method throws IllegalArgumentException when passing null operation" classname="CalculatorConundrumTest" time="0.002"/>
  <testcase name="The calculate method throws IllegalOperationException when dividing by zero" classname="CalculatorConundrumTest" time="0.004"/>
  <testcase name="The calculate method returns the correct result when dividing large operands" classname="CalculatorConundrumTest" time="0.001"/>
  <testcase name="The calculate method returns the correct result when adding small operands" classname="CalculatorConundrumTest" time="0.007"/>
  <testcase name="The calculate method throws IllegalOperationException when passing invalid operation" classname="CalculatorConundrumTest" time="0.013"/>
  <testcase name="The calculate method returns the correct result when adding large operands" classname="CalculatorConundrumTest" time="0.002"/>
  <testcase name="The calculate method returns the correct result when multiplying small operands" classname="CalculatorConundrumTest" time="0.002"/>
  <testcase name="The calculate method returns the correct result when multiplying large operands" classname="CalculatorConundrumTest" time="0.002"/>
  <system-out><![CDATA[]]></system-out>
  <system-err><![CDATA[]]></system-err>
</testsuite>
