<?xml version="1.0" encoding="UTF-8"?>
<testsuite name="PrimeCalculatorTest" tests="5" skipped="0" failures="0" errors="0" timestamp="2024-05-23T17:55:38" hostname="DESKTOP-E1T6GUT" time="0.204">
  <properties/>
  <testcase name="testUndefinedPrime()" classname="PrimeCalculatorTest" time="0.119"/>
  <testcase name="testSixthPrime()" classname="PrimeCalculatorTest" time="0.008"/>
  <testcase name="testFirstPrime()" classname="PrimeCalculatorTest" time="0.003"/>
  <testcase name="testSecondPrime()" classname="PrimeCalculatorTest" time="0.002"/>
  <testcase name="testBigPrime()" classname="PrimeCalculatorTest" time="0.049"/>
  <system-out><![CDATA[]]></system-out>
  <system-err><![CDATA[]]></system-err>
</testsuite>
