<?xml version="1.0" encoding="UTF-8"?>
<testsuite name="ErrorHandlingTest" tests="11" skipped="0" failures="0" errors="0" timestamp="2024-04-19T14:08:03" hostname="DESKTOP-E1T6GUT" time="0.18">
  <properties/>
  <testcase name="testThrowIllegalArgumentExceptionWithDetailMessage()" classname="ErrorHandlingTest" time="0.136"/>
  <testcase name="testReturnOptionalInstance()" classname="ErrorHandlingTest" time="0.005"/>
  <testcase name="testThrowCustomUncheckedException()" classname="ErrorHandlingTest" time="0.002"/>
  <testcase name="testThrowCustomCheckedExceptionWithDetailMessage()" classname="ErrorHandlingTest" time="0.003"/>
  <testcase name="testThrowCustomUncheckedExceptionWithDetailMessage()" classname="ErrorHandlingTest" time="0.003"/>
  <testcase name="testThrowIllegalArgumentException()" classname="ErrorHandlingTest" time="0.003"/>
  <testcase name="testThrowAnyUncheckedException()" classname="ErrorHandlingTest" time="0.003"/>
  <testcase name="testThrowAnyCheckedExceptionWithDetailMessage()" classname="ErrorHandlingTest" time="0.002"/>
  <testcase name="testThrowAnyCheckedException()" classname="ErrorHandlingTest" time="0.002"/>
  <testcase name="testThrowAnyUncheckedExceptionWithDetailMessage()" classname="ErrorHandlingTest" time="0.002"/>
  <testcase name="testThrowCustomCheckedException()" classname="ErrorHandlingTest" time="0.001"/>
  <system-out><![CDATA[]]></system-out>
  <system-err><![CDATA[]]></system-err>
</testsuite>
