<?xml version="1.0" encoding="UTF-8"?>
<testsuite name="ResistorColorTest" tests="4" skipped="3" failures="0" errors="0" timestamp="2024-04-19T07:37:49" hostname="DESKTOP-E1T6GUT" time="0.114">
  <properties/>
  <testcase name="testWhiteColorCode()" classname="ResistorColorTest" time="0.001">
    <skipped/>
  </testcase>
  <testcase name="testColors()" classname="ResistorColorTest" time="0.001">
    <skipped/>
  </testcase>
  <testcase name="testBlackColorCode()" classname="ResistorColorTest" time="0.105"/>
  <testcase name="testOrangeColorCode()" classname="ResistorColorTest" time="0.0">
    <skipped/>
  </testcase>
  <system-out><![CDATA[]]></system-out>
  <system-err><![CDATA[]]></system-err>
</testsuite>
